#
# A fatal error has been detected by the Java Runtime Environment:
#
#  Internal Error (safepoint.cpp:848), pid=2935, tid=0x0000000000009d07
#  fatal error: Illegal threadstate encountered: 4
#
# JRE version: OpenJDK Runtime Environment (8.0_332-b08) (build 1.8.0_332-b08)
# Java VM: OpenJDK 64-Bit Server VM (25.332-b08 mixed mode bsd-amd64 compressed oops)
# Failed to write core dump. Core dumps have been disabled. To enable core dumping, try "ulimit -c unlimited" before starting Java again
#
# If you would like to submit a bug report, please visit:
#   https://github.com/corretto/corretto-8/issues/
# The crash happened outside the Java Virtual Machine in native code.
# See problematic frame for where to report the bug.
#

---------------  T H R E A D  ---------------

Current thread (0x00007f951f11c800):  JavaThread "Thread-1" daemon [_thread_in_native, id=40199, stack(0x00007000020c0000,0x00007000021c0000)]

Stack: [0x00007000020c0000,0x00007000021c0000],  sp=0x00007000021bef90,  free space=1019k
Native frames: (J=compiled Java code, j=interpreted, Vv=VM code, C=native code)
V  [libjvm.dylib+0x5766e0]
V  [libjvm.dylib+0x1c50b2]
V  [libjvm.dylib+0x4c8975]
V  [libjvm.dylib+0x53b3ba]
V  [libjvm.dylib+0x5574c8]
V  [libjvm.dylib+0x55746c]
V  [libjvm.dylib+0x55743b]
V  [libjvm.dylib+0x551049]
V  [libjvm.dylib+0x2f8c57]
C  [libglass.dylib+0xa7e8]  -[GlassRunnable dealloc]+0x28
C  [Foundation+0x81bee]  -[_NSThreadPerformInfo dealloc]+0x2a
C  [Foundation+0x4e496]  -[NSObject(NSThreadPerformAdditions) performSelectorOnMainThread:withObject:waitUntilDone:]+0x7c
J 1786  com.sun.glass.ui.mac.MacApplication._submitForLaterInvocation(Ljava/lang/Runnable;)V (0 bytes) @ 0x000000011d3387bc [0x000000011d338700+0xbc]
J 1749 C1 com.sun.glass.ui.mac.MacApplication.submitForLaterInvocation(Ljava/lang/Runnable;)V (6 bytes) @ 0x000000011d31407c [0x000000011d314000+0x7c]
j  com.sun.glass.ui.InvokeLaterDispatcher.run()V+82
v  ~StubRoutines::call_stub
V  [libjvm.dylib+0x2c406c]
V  [libjvm.dylib+0x2c2e76]
V  [libjvm.dylib+0x2c3061]
V  [libjvm.dylib+0x332dd8]
V  [libjvm.dylib+0x539cb3]
V  [libjvm.dylib+0x539b6b]
V  [libjvm.dylib+0x46e5da]
C  [libsystem_pthread.dylib+0x64e1]  _pthread_start+0x7d
C  [libsystem_pthread.dylib+0x1f6b]  thread_start+0xf
C  0x0000000000000000

Java frames: (J=compiled Java code, j=interpreted, Vv=VM code)
J 1786  com.sun.glass.ui.mac.MacApplication._submitForLaterInvocation(Ljava/lang/Runnable;)V (0 bytes) @ 0x000000011d33874c [0x000000011d338700+0x4c]
J 1749 C1 com.sun.glass.ui.mac.MacApplication.submitForLaterInvocation(Ljava/lang/Runnable;)V (6 bytes) @ 0x000000011d31407c [0x000000011d314000+0x7c]
j  com.sun.glass.ui.InvokeLaterDispatcher.run()V+82
v  ~StubRoutines::call_stub

---------------  P R O C E S S  ---------------

Java Threads: ( => current thread )
  0x00007f951d1f0000 JavaThread "Prism Font Disposer" daemon [_thread_blocked, id=52743, stack(0x00007000025d5000,0x00007000026d5000)]
  0x00007f951da5e800 JavaThread "Attach Listener" daemon [_thread_blocked, id=50179, stack(0x00007000024d2000,0x00007000025d2000)]
  0x00007f951da4a800 JavaThread "JavaFX-Launcher" [_thread_blocked, id=49411, stack(0x00007000023cf000,0x00007000024cf000)]
  0x00007f951f130800 JavaThread "Thread-3" daemon [_thread_in_native, id=30987, stack(0x00007000021c3000,0x0000700002243000)]
  0x00007f951f11d800 JavaThread "JavaFX Application Thread" [_thread_in_native, id=259, stack(0x00007ff7b2565000,0x00007ff7b2d65000)]
=>0x00007f951f11c800 JavaThread "Thread-1" daemon [_thread_in_native, id=40199, stack(0x00007000020c0000,0x00007000021c0000)]
  0x00007f951e871800 JavaThread "QuantumRenderer-0" daemon [_thread_blocked, id=16643, stack(0x0000700001fbd000,0x00007000020bd000)]
  0x00007f951d088000 JavaThread "Service Thread" daemon [_thread_blocked, id=17155, stack(0x0000700001db7000,0x0000700001eb7000)]
  0x00007f951d835800 JavaThread "C1 CompilerThread2" daemon [_thread_blocked, id=17411, stack(0x0000700001cb4000,0x0000700001db4000)]
  0x00007f951d084000 JavaThread "C2 CompilerThread1" daemon [_thread_blocked, id=17667, stack(0x0000700001bb1000,0x0000700001cb1000)]
  0x00007f951d038800 JavaThread "C2 CompilerThread0" daemon [_thread_blocked, id=18179, stack(0x0000700001aae000,0x0000700001bae000)]
  0x00007f951d01d800 JavaThread "Monitor Ctrl-Break" daemon [_thread_in_native, id=13827, stack(0x00007000019ab000,0x0000700001aab000)]
  0x00007f951e837800 JavaThread "Signal Dispatcher" daemon [_thread_blocked, id=18691, stack(0x00007000018a8000,0x00007000019a8000)]
  0x00007f951d817000 JavaThread "Finalizer" daemon [_thread_blocked, id=21251, stack(0x000070000169f000,0x000070000179f000)]
  0x00007f951e831000 JavaThread "Reference Handler" daemon [_thread_blocked, id=12291, stack(0x000070000159c000,0x000070000169c000)]
  0x00007f951d80a800 JavaThread "main" [_thread_blocked, id=5635, stack(0x0000700000f8a000,0x000070000108a000)]

Other Threads:
  0x00007f951d010800 VMThread [stack: 0x0000700001499000,0x0000700001599000] [id=11779]
  0x00007f951f068800 WatcherThread [stack: 0x0000700001eba000,0x0000700001fba000] [id=14595]

VM state:not at safepoint (normal execution)

VM Mutex/Monitor currently owned by a thread: None

heap address: 0x0000000740000000, size: 2048 MB, Compressed Oops mode: Zero based, Oop shift amount: 3
Narrow klass base: 0x0000000000000000, Narrow klass shift: 3
Compressed class space size: 1073741824 Address: 0x00000007c0000000

Heap:
 PSYoungGen      total 38400K, used 21957K [0x0000000795580000, 0x0000000798000000, 0x00000007c0000000)
  eden space 33280K, 50% used [0x0000000795580000,0x00000007965f8ab0,0x0000000797600000)
  from space 5120K, 99% used [0x0000000797b00000,0x0000000797ff89d8,0x0000000798000000)
  to   space 5120K, 0% used [0x0000000797600000,0x0000000797600000,0x0000000797b00000)
 ParOldGen       total 87552K, used 9090K [0x0000000740000000, 0x0000000745580000, 0x0000000795580000)
  object space 87552K, 10% used [0x0000000740000000,0x00000007408e0988,0x0000000745580000)
 Metaspace       used 19214K, capacity 20200K, committed 20352K, reserved 1067008K
  class space    used 2646K, capacity 2862K, committed 2944K, reserved 1048576K

Card table byte_map: [0x000000010d7b4000,0x000000010dbb5000] byte_map_base: 0x0000000109db4000

Marking Bits: (ParMarkBitMap*) 0x000000010e7a1c48
 Begin Bits: [0x000000010eec2000, 0x0000000110ec2000)
 End Bits:   [0x0000000110ec2000, 0x0000000112ec2000)

Polling page: 0x000000010d2dd000

CodeCache: size=245760Kb used=9413Kb max_used=9421Kb free=236346Kb
 bounds [0x000000011ce00000, 0x000000011d740000, 0x000000012be00000]
 total_blobs=3701 nmethods=3020 adapters=593
 compilation: enabled

Compilation events (10 events):
Event: 384.569 Thread 0x00007f951d835800 3200       3       javafx.animation.Animation::syncClipEnvelope (56 bytes)
Event: 384.571 Thread 0x00007f951d835800 nmethod 3200 0x000000011d731c10 code [0x000000011d731e20, 0x000000011d732bf8]
Event: 384.571 Thread 0x00007f951d835800 3201       3       com.sun.scenario.animation.shared.ClipEnvelope::updateCycleTicks (9 bytes)
Event: 384.571 Thread 0x00007f951d835800 nmethod 3201 0x000000011d72fa90 code [0x000000011d72fc40, 0x000000011d72ff08]
Event: 385.282 Thread 0x00007f951d835800 3202       3       com.sun.prism.impl.BaseGraphics::scale (28 bytes)
Event: 385.282 Thread 0x00007f951d038800 3203       4       com.sun.javafx.sg.prism.NGGroup::markCullRegions (198 bytes)
Event: 385.282 Thread 0x00007f951d084000 3204       4       com.sun.javafx.geom.transform.Affine3D::transform (352 bytes)
Event: 385.282 Thread 0x00007f951d835800 nmethod 3202 0x000000011d723890 code [0x000000011d723a60, 0x000000011d723e08]
Event: 385.286 Thread 0x00007f951d084000 nmethod 3204 0x000000011d7233d0 code [0x000000011d723540, 0x000000011d723698]
Event: 385.320 Thread 0x00007f951d038800 nmethod 3203 0x000000011d7388d0 code [0x000000011d738c00, 0x000000011d739fd0]

GC Heap History (4 events):
Event: 2.823 GC heap before
{Heap before GC invocations=1 (full 0):
 PSYoungGen      total 38400K, used 33280K [0x0000000795580000, 0x0000000798000000, 0x00000007c0000000)
  eden space 33280K, 100% used [0x0000000795580000,0x0000000797600000,0x0000000797600000)
  from space 5120K, 0% used [0x0000000797b00000,0x0000000797b00000,0x0000000798000000)
  to   space 5120K, 0% used [0x0000000797600000,0x0000000797600000,0x0000000797b00000)
 ParOldGen       total 87552K, used 0K [0x0000000740000000, 0x0000000745580000, 0x0000000795580000)
  object space 87552K, 0% used [0x0000000740000000,0x0000000740000000,0x0000000745580000)
 Metaspace       used 12225K, capacity 12708K, committed 13056K, reserved 1060864K
  class space    used 1577K, capacity 1701K, committed 1792K, reserved 1048576K
Event: 2.833 GC heap after
Heap after GC invocations=1 (full 0):
 PSYoungGen      total 38400K, used 5100K [0x0000000795580000, 0x0000000798000000, 0x00000007c0000000)
  eden space 33280K, 0% used [0x0000000795580000,0x0000000795580000,0x0000000797600000)
  from space 5120K, 99% used [0x0000000797600000,0x0000000797afb030,0x0000000797b00000)
  to   space 5120K, 0% used [0x0000000797b00000,0x0000000797b00000,0x0000000798000000)
 ParOldGen       total 87552K, used 2692K [0x0000000740000000, 0x0000000745580000, 0x0000000795580000)
  object space 87552K, 3% used [0x0000000740000000,0x00000007402a13c8,0x0000000745580000)
 Metaspace       used 12225K, capacity 12708K, committed 13056K, reserved 1060864K
  class space    used 1577K, capacity 1701K, committed 1792K, reserved 1048576K
}
Event: 95.644 GC heap before
{Heap before GC invocations=2 (full 0):
 PSYoungGen      total 38400K, used 38380K [0x0000000795580000, 0x0000000798000000, 0x00000007c0000000)
  eden space 33280K, 100% used [0x0000000795580000,0x0000000797600000,0x0000000797600000)
  from space 5120K, 99% used [0x0000000797600000,0x0000000797afb030,0x0000000797b00000)
  to   space 5120K, 0% used [0x0000000797b00000,0x0000000797b00000,0x0000000798000000)
 ParOldGen       total 87552K, used 2692K [0x0000000740000000, 0x0000000745580000, 0x0000000795580000)
  object space 87552K, 3% used [0x0000000740000000,0x00000007402a13c8,0x0000000745580000)
 Metaspace       used 18700K, capacity 19698K, committed 19840K, reserved 1067008K
  class space    used 2606K, capacity 2825K, committed 2944K, reserved 1048576K
Event: 95.663 GC heap after
Heap after GC invocations=2 (full 0):
 PSYoungGen      total 38400K, used 5090K [0x0000000795580000, 0x0000000798000000, 0x00000007c0000000)
  eden space 33280K, 0% used [0x0000000795580000,0x0000000795580000,0x0000000797600000)
  from space 5120K, 99% used [0x0000000797b00000,0x0000000797ff89d8,0x0000000798000000)
  to   space 5120K, 0% used [0x0000000797600000,0x0000000797600000,0x0000000797b00000)
 ParOldGen       total 87552K, used 9090K [0x0000000740000000, 0x0000000745580000, 0x0000000795580000)
  object space 87552K, 10% used [0x0000000740000000,0x00000007408e0988,0x0000000745580000)
 Metaspace       used 18700K, capacity 19698K, committed 19840K, reserved 1067008K
  class space    used 2606K, capacity 2825K, committed 2944K, reserved 1048576K
}

Deoptimization events (10 events):
Event: 95.574 Thread 0x00007f951f11d800 Uncommon trap: reason=bimorphic action=maybe_recompile pc=0x000000011d5e72bc method=com.sun.javafx.css.CompoundSelector.applies(Ljavafx/css/Styleable;I[Ljava/util/Set;I)Z @ 94
Event: 95.574 Thread 0x00007f951f11d800 Uncommon trap: reason=bimorphic action=maybe_recompile pc=0x000000011d5e72bc method=com.sun.javafx.css.CompoundSelector.applies(Ljavafx/css/Styleable;I[Ljava/util/Set;I)Z @ 94
Event: 95.609 Thread 0x00007f951f11d800 Uncommon trap: reason=class_check action=maybe_recompile pc=0x000000011d3a6240 method=javafx.scene.Node.updateLocalToParentTransform()V @ 11
Event: 95.633 Thread 0x00007f951f11d800 Uncommon trap: reason=unstable_if action=reinterpret pc=0x000000011d46afc4 method=javafx.scene.Node.getLocalBounds(Lcom/sun/javafx/geom/BaseBounds;Lcom/sun/javafx/geom/transform/BaseTransform;)Lcom/sun/javafx/geom/BaseBounds; @ 4
Event: 95.675 Thread 0x00007f951e871800 Uncommon trap: reason=unstable_if action=reinterpret pc=0x000000011d52ff60 method=com.sun.javafx.geom.transform.AffineBase.updateState2D()V @ 95
Event: 166.854 Thread 0x00007f951f11d800 Uncommon trap: reason=null_check action=make_not_entrant pc=0x000000011d6b01d0 method=javafx.scene.Node$MiscProperties.getClip()Ljavafx/scene/Node; @ 20
Event: 166.854 Thread 0x00007f951f11d800 Uncommon trap: reason=null_check action=make_not_entrant pc=0x000000011d6074b4 method=javafx.scene.Node$MiscProperties.getClip()Ljavafx/scene/Node; @ 20
Event: 166.856 Thread 0x00007f951e871800 Uncommon trap: reason=class_check action=maybe_recompile pc=0x000000011cf9a108 method=com.sun.javafx.sg.prism.NGNode.markCullRegions(Lcom/sun/javafx/geom/DirtyRegionContainer;ILcom/sun/javafx/geom/transform/BaseTransform;Lcom/sun/javafx/geom/transform/Gen
Event: 166.856 Thread 0x00007f951e871800 Uncommon trap: reason=class_check action=maybe_recompile pc=0x000000011cf9a108 method=com.sun.javafx.sg.prism.NGNode.markCullRegions(Lcom/sun/javafx/geom/DirtyRegionContainer;ILcom/sun/javafx/geom/transform/BaseTransform;Lcom/sun/javafx/geom/transform/Gen
Event: 167.647 Thread 0x00007f951f11d800 Uncommon trap: reason=null_check action=make_not_entrant pc=0x000000011d478520 method=javafx.scene.Node$MiscProperties.getClip()Ljavafx/scene/Node; @ 20

Classes redefined (0 events):
No events

Internal exceptions (10 events):
Event: 178.174 Thread 0x00007f951f11d800 Exception <a 'java/lang/RuntimeException'> (0x0000000795edeed8) thrown at [/Users/ec2-user/workspace/Corretto8/macos/x64/build/Corretto8Src/installers/mac/tar/corretto-build/buildRoot/src/hotspot/src/share/vm/prims/jvm.cpp, line 1528]
Event: 384.315 Thread 0x00007f951f11d800 Exception <a 'java/lang/NullPointerException'> (0x000000079652d158) thrown at [/Users/ec2-user/workspace/Corretto8/macos/x64/build/Corretto8Src/installers/mac/tar/corretto-build/buildRoot/src/hotspot/src/share/vm/interpreter/linkResolver.cpp, line 1185]
Event: 384.315 Thread 0x00007f951f11d800 Exception <a 'java/lang/reflect/InvocationTargetException'> (0x000000079652d548) thrown at [/Users/ec2-user/workspace/Corretto8/macos/x64/build/Corretto8Src/installers/mac/tar/corretto-build/buildRoot/src/hotspot/src/share/vm/runtime/reflection.cpp, line 
Event: 384.315 Thread 0x00007f951f11d800 Exception <a 'java/lang/RuntimeException'> (0x000000079652dd38) thrown at [/Users/ec2-user/workspace/Corretto8/macos/x64/build/Corretto8Src/installers/mac/tar/corretto-build/buildRoot/src/hotspot/src/share/vm/prims/jvm.cpp, line 1528]
Event: 384.690 Thread 0x00007f951f11d800 Exception <a 'java/lang/NullPointerException'> (0x000000079654e498) thrown at [/Users/ec2-user/workspace/Corretto8/macos/x64/build/Corretto8Src/installers/mac/tar/corretto-build/buildRoot/src/hotspot/src/share/vm/interpreter/linkResolver.cpp, line 1185]
Event: 384.690 Thread 0x00007f951f11d800 Exception <a 'java/lang/reflect/InvocationTargetException'> (0x000000079654e888) thrown at [/Users/ec2-user/workspace/Corretto8/macos/x64/build/Corretto8Src/installers/mac/tar/corretto-build/buildRoot/src/hotspot/src/share/vm/runtime/reflection.cpp, line 
Event: 384.690 Thread 0x00007f951f11d800 Exception <a 'java/lang/RuntimeException'> (0x000000079654f078) thrown at [/Users/ec2-user/workspace/Corretto8/macos/x64/build/Corretto8Src/installers/mac/tar/corretto-build/buildRoot/src/hotspot/src/share/vm/prims/jvm.cpp, line 1528]
Event: 385.044 Thread 0x00007f951f11d800 Exception <a 'java/lang/NullPointerException'> (0x000000079656e500) thrown at [/Users/ec2-user/workspace/Corretto8/macos/x64/build/Corretto8Src/installers/mac/tar/corretto-build/buildRoot/src/hotspot/src/share/vm/interpreter/linkResolver.cpp, line 1185]
Event: 385.044 Thread 0x00007f951f11d800 Exception <a 'java/lang/reflect/InvocationTargetException'> (0x000000079656e8f0) thrown at [/Users/ec2-user/workspace/Corretto8/macos/x64/build/Corretto8Src/installers/mac/tar/corretto-build/buildRoot/src/hotspot/src/share/vm/runtime/reflection.cpp, line 
Event: 385.044 Thread 0x00007f951f11d800 Exception <a 'java/lang/RuntimeException'> (0x000000079656f0e0) thrown at [/Users/ec2-user/workspace/Corretto8/macos/x64/build/Corretto8Src/installers/mac/tar/corretto-build/buildRoot/src/hotspot/src/share/vm/prims/jvm.cpp, line 1528]

Events (10 events):
Event: 379.815 Thread 0x00007f951d835800 flushing nmethod 0x000000011d26e6d0
Event: 379.815 Thread 0x00007f951d835800 flushing nmethod 0x000000011d270a90
Event: 379.815 Thread 0x00007f951d835800 flushing nmethod 0x000000011d2718d0
Event: 379.815 Thread 0x00007f951d835800 flushing nmethod 0x000000011d2743d0
Event: 379.820 Thread 0x00007f951d835800 flushing nmethod 0x000000011d2a55d0
Event: 379.821 Thread 0x00007f951d835800 flushing nmethod 0x000000011d2dd950
Event: 379.821 Thread 0x00007f951d835800 flushing nmethod 0x000000011d2dfcd0
Event: 379.821 Thread 0x00007f951d835800 flushing nmethod 0x000000011d2e0010
Event: 379.821 Thread 0x00007f951d835800 flushing nmethod 0x000000011d2e6cd0
Event: 379.821 Thread 0x00007f951d835800 flushing nmethod 0x000000011d2e7750


Dynamic libraries:
0x00007ff82d375000 	/System/Library/Frameworks/Cocoa.framework/Versions/A/Cocoa
0x00007ff818fee000 	/System/Library/Frameworks/AppKit.framework/Versions/C/AppKit
0x00007ff81c4f9000 	/System/Library/Frameworks/CoreData.framework/Versions/A/CoreData
0x00007ff8173fa000 	/System/Library/Frameworks/Foundation.framework/Versions/C/Foundation
0x00007ff82131a000 	/usr/lib/libSystem.B.dylib
0x00007ff819e7c000 	/System/Library/PrivateFrameworks/UIFoundation.framework/Versions/A/UIFoundation
0x00007ff82727b000 	/System/Library/PrivateFrameworks/RemoteViewServices.framework/Versions/A/RemoteViewServices
0x00007ff81f565000 	/System/Library/PrivateFrameworks/XCTTargetBootstrap.framework/Versions/A/XCTTargetBootstrap
0x00007ff823121000 	/System/Library/PrivateFrameworks/InternationalSupport.framework/Versions/A/InternationalSupport
0x00007ff8231ab000 	/System/Library/PrivateFrameworks/UserActivity.framework/Versions/A/UserActivity
0x00007ff822501000 	/usr/lib/libspindump.dylib
0x00007ff81a10a000 	/System/Library/Frameworks/UniformTypeIdentifiers.framework/Versions/A/UniformTypeIdentifiers
0x00007ff81dc8e000 	/usr/lib/libapp_launch_measurement.dylib
0x00007ff81cec9000 	/System/Library/PrivateFrameworks/CoreAnalytics.framework/Versions/A/CoreAnalytics
0x00007ff81dc91000 	/System/Library/PrivateFrameworks/CoreAutoLayout.framework/Versions/A/CoreAutoLayout
0x00007ff81eebf000 	/System/Library/Frameworks/Metal.framework/Versions/A/Metal
0x00007ff81fbeb000 	/usr/lib/liblangid.dylib
0x00007ff81f56a000 	/System/Library/PrivateFrameworks/CoreSVG.framework/Versions/A/CoreSVG
0x00007ff81b4f1000 	/System/Library/PrivateFrameworks/SkyLight.framework/Versions/A/SkyLight
0x00007ff81b88f000 	/System/Library/Frameworks/CoreGraphics.framework/Versions/A/CoreGraphics
0x00007ff82793b000 	/System/Library/Frameworks/Accelerate.framework/Versions/A/Accelerate
0x00007ff821f80000 	/System/Library/PrivateFrameworks/IconServices.framework/Versions/A/IconServices
0x00007ff81eea4000 	/System/Library/Frameworks/IOSurface.framework/Versions/A/IOSurface
0x00007ff81cef7000 	/usr/lib/libDiagnosticMessagesClient.dylib
0x00007ff82123a000 	/usr/lib/libz.1.dylib
0x00007ff82b01e000 	/System/Library/Frameworks/ApplicationServices.framework/Versions/A/ApplicationServices
0x00007ff81f551000 	/System/Library/PrivateFrameworks/DFRFoundation.framework/Versions/A/DFRFoundation
0x00007ff8188d6000 	/usr/lib/libicucore.A.dylib
0x00007ff823f16000 	/System/Library/Frameworks/AudioToolbox.framework/Versions/A/AudioToolbox
0x00007ff82312d000 	/System/Library/PrivateFrameworks/DataDetectorsCore.framework/Versions/A/DataDetectorsCore
0x00007ff91f0ba000 	/System/Library/PrivateFrameworks/TextInput.framework/Versions/A/TextInput
0x00007ff81b474000 	/usr/lib/libMobileGestalt.dylib
0x00007ff81f25d000 	/System/Library/Frameworks/Carbon.framework/Versions/A/Frameworks/HIToolbox.framework/Versions/A/HIToolbox
0x00007ff81d694000 	/System/Library/Frameworks/QuartzCore.framework/Versions/A/QuartzCore
0x00007ff81857d000 	/System/Library/Frameworks/Security.framework/Versions/A/Security
0x00007ff8272b3000 	/System/Library/Frameworks/Carbon.framework/Versions/A/Frameworks/SpeechRecognition.framework/Versions/A/SpeechRecognition
0x00007ff81d9ee000 	/System/Library/PrivateFrameworks/CoreUI.framework/Versions/A/CoreUI
0x00007ff817e49000 	/System/Library/Frameworks/CoreAudio.framework/Versions/A/CoreAudio
0x00007ff81cfe6000 	/System/Library/Frameworks/DiskArbitration.framework/Versions/A/DiskArbitration
0x00007ff8228ef000 	/System/Library/PrivateFrameworks/MultitouchSupport.framework/Versions/A/MultitouchSupport
0x00007ff81b473000 	/usr/lib/libenergytrace.dylib
0x00007ff818eda000 	/System/Library/Frameworks/IOKit.framework/Versions/A/IOKit
0x00007ff8276a3000 	/System/Library/Frameworks/CoreServices.framework/Versions/A/CoreServices
0x00007ff81dc28000 	/System/Library/PrivateFrameworks/PerformanceAnalysis.framework/Versions/A/PerformanceAnalysis
0x00007ffa2e5de000 	/System/Library/Frameworks/OpenGL.framework/Versions/A/OpenGL
0x00007ff820854000 	/System/Library/PrivateFrameworks/MobileKeyBag.framework/Versions/A/MobileKeyBag
0x00007ff8163ca000 	/usr/lib/libobjc.A.dylib
0x00007ff81bf5a000 	/System/Library/Frameworks/ColorSync.framework/Versions/A/ColorSync
0x00007ff816588000 	/System/Library/Frameworks/CoreFoundation.framework/Versions/A/CoreFoundation
0x00007ff81f7e1000 	/System/Library/Frameworks/CoreImage.framework/Versions/A/CoreImage
0x00007ff817c61000 	/System/Library/Frameworks/CoreText.framework/Versions/A/CoreText
0x00007ff81f59a000 	/System/Library/Frameworks/ImageIO.framework/Versions/A/ImageIO
0x00007ff821320000 	/System/Library/PrivateFrameworks/SoftLinking.framework/Versions/A/SoftLinking
0x00007ff81dcd9000 	/usr/lib/libxml2.2.dylib
0x00007ff816494000 	/usr/lib/libc++.1.dylib
0x00007ff8215a4000 	/usr/lib/libcompression.dylib
0x00007ff823054000 	/System/Library/PrivateFrameworks/TextureIO.framework/Versions/A/TextureIO
0x00007ff821c92000 	/usr/lib/libate.dylib
0x00007ff821315000 	/usr/lib/system/libcache.dylib
0x00007ff8212d1000 	/usr/lib/system/libcommonCrypto.dylib
0x00007ff8212fa000 	/usr/lib/system/libcompiler_rt.dylib
0x00007ff8212f0000 	/usr/lib/system/libcopyfile.dylib
0x00007ff8162c5000 	/usr/lib/system/libcorecrypto.dylib
0x00007ff816383000 	/usr/lib/system/libdispatch.dylib
0x00007ff816547000 	/usr/lib/system/libdyld.dylib
0x00007ff82130c000 	/usr/lib/system/libkeymgr.dylib
0x00007ff8212af000 	/usr/lib/system/libmacho.dylib
0x00007ff82092e000 	/usr/lib/system/libquarantine.dylib
0x00007ff82130a000 	/usr/lib/system/libremovefile.dylib
0x00007ff81b4c1000 	/usr/lib/system/libsystem_asl.dylib
0x00007ff81626e000 	/usr/lib/system/libsystem_blocks.dylib
0x00007ff81640b000 	/usr/lib/system/libsystem_c.dylib
0x00007ff821302000 	/usr/lib/system/libsystem_collections.dylib
0x00007ff81fbdb000 	/usr/lib/system/libsystem_configuration.dylib
0x00007ff81ee87000 	/usr/lib/system/libsystem_containermanager.dylib
0x00007ff820fe8000 	/usr/lib/system/libsystem_coreservices.dylib
0x00007ff818b6a000 	/usr/lib/system/libsystem_darwin.dylib
0x00007ff82130d000 	/usr/lib/system/libsystem_dnssd.dylib
0x00007ff816408000 	/usr/lib/system/libsystem_featureflags.dylib
0x00007ff81655d000 	/usr/lib/system/libsystem_info.dylib
0x00007ff82124d000 	/usr/lib/system/libsystem_m.dylib
0x00007ff816357000 	/usr/lib/system/libsystem_malloc.dylib
0x00007ff81b45c000 	/usr/lib/system/libsystem_networkextension.dylib
0x00007ff818f90000 	/usr/lib/system/libsystem_notify.dylib
0x00007ff827578000 	/usr/lib/system/libsystem_product_info_filter.dylib
0x00007ff81fbdf000 	/usr/lib/system/libsystem_sandbox.dylib
0x00007ff821307000 	/usr/lib/system/libsystem_secinit.dylib
0x00007ff816503000 	/usr/lib/system/libsystem_kernel.dylib
0x00007ff816553000 	/usr/lib/system/libsystem_platform.dylib
0x00007ff81653b000 	/usr/lib/system/libsystem_pthread.dylib
0x00007ff81cd09000 	/usr/lib/system/libsystem_symptoms.dylib
0x00007ff8162ac000 	/usr/lib/system/libsystem_trace.dylib
0x00007ff8212dd000 	/usr/lib/system/libunwind.dylib
0x00007ff816270000 	/usr/lib/system/libxpc.dylib
0x00007ff8164ed000 	/usr/lib/libc++abi.dylib
0x00007ff8212e8000 	/usr/lib/liboah.dylib
0x00007ff821a6e000 	/usr/lib/liblzma.5.dylib
0x00007ff81710d000 	/System/Library/Frameworks/SystemConfiguration.framework/Versions/A/SystemConfiguration
0x00007ff82131c000 	/usr/lib/libfakelink.dylib
0x00007ff81afcd000 	/System/Library/Frameworks/CFNetwork.framework/Versions/A/CFNetwork
0x00007ff82145d000 	/usr/lib/libarchive.2.dylib
0x00007ff81fbe7000 	/System/Library/PrivateFrameworks/AppleSystemInfo.framework/Versions/A/AppleSystemInfo
0x00007ff820955000 	/usr/lib/libbsm.0.dylib
0x00007ff81a5e0000 	/usr/lib/libnetwork.dylib
0x00007ff8212b5000 	/usr/lib/system/libkxld.dylib
0x00007ff820581000 	/System/Library/PrivateFrameworks/IOMobileFramebuffer.framework/Versions/A/IOMobileFramebuffer
0x00007ffb2dae5000 	/usr/lib/libCoreEntitlements.dylib
0x00007ff820fca000 	/System/Library/PrivateFrameworks/AppleFSCompression.framework/Versions/A/AppleFSCompression
0x00007ff82093d000 	/usr/lib/libcoretls.dylib
0x00007ff821a88000 	/usr/lib/libcoretls_cfhelpers.dylib
0x00007ff82159f000 	/usr/lib/libpam.2.dylib
0x00007ff81c929000 	/usr/lib/libsqlite3.dylib
0x00007ff821af7000 	/usr/lib/libxar.1.dylib
0x00007ff820fda000 	/usr/lib/libbz2.1.0.dylib
0x00007ff821321000 	/usr/lib/libpcap.A.dylib
0x00007ff81cd01000 	/usr/lib/libdns_services.dylib
0x00007ff82156f000 	/usr/lib/libapple_nghttp2.dylib
0x00007ff82135b000 	/usr/lib/libiconv.2.dylib
0x00007ff8212ae000 	/usr/lib/libcharset.1.dylib
0x00007ff81dc5c000 	/System/Library/Frameworks/CoreServices.framework/Versions/A/Frameworks/FSEvents.framework/Versions/A/FSEvents
0x00007ff818b74000 	/System/Library/Frameworks/CoreServices.framework/Versions/A/Frameworks/CarbonCore.framework/Versions/A/CarbonCore
0x00007ff81cf4a000 	/System/Library/Frameworks/CoreServices.framework/Versions/A/Frameworks/Metadata.framework/Versions/A/Metadata
0x00007ff820fed000 	/System/Library/Frameworks/CoreServices.framework/Versions/A/Frameworks/OSServices.framework/Versions/A/OSServices
0x00007ff8214e4000 	/System/Library/Frameworks/CoreServices.framework/Versions/A/Frameworks/SearchKit.framework/Versions/A/SearchKit
0x00007ff81cc94000 	/System/Library/Frameworks/CoreServices.framework/Versions/A/Frameworks/AE.framework/Versions/A/AE
0x00007ff816a8a000 	/System/Library/Frameworks/CoreServices.framework/Versions/A/Frameworks/LaunchServices.framework/Versions/A/LaunchServices
0x00007ff821a1f000 	/System/Library/Frameworks/CoreServices.framework/Versions/A/Frameworks/DictionaryServices.framework/Versions/A/DictionaryServices
0x00007ff81dc69000 	/System/Library/Frameworks/CoreServices.framework/Versions/A/Frameworks/SharedFileList.framework/Versions/A/SharedFileList
0x00007ff820931000 	/usr/lib/libCheckFix.dylib
0x00007ff81b4d8000 	/System/Library/PrivateFrameworks/TCC.framework/Versions/A/TCC
0x00007ff81fbed000 	/System/Library/PrivateFrameworks/CoreNLP.framework/Versions/A/CoreNLP
0x00007ff81cefa000 	/System/Library/PrivateFrameworks/MetadataUtilities.framework/Versions/A/MetadataUtilities
0x00007ff8171bd000 	/usr/lib/libmecabra.dylib
0x00007ff820965000 	/usr/lib/libmecab.dylib
0x00007ff817188000 	/usr/lib/libCRFSuite.dylib
0x00007ff8209bf000 	/usr/lib/libgermantok.dylib
0x00007ff82154a000 	/usr/lib/libThaiTokenizer.dylib
0x00007ff81cfed000 	/System/Library/Frameworks/Accelerate.framework/Versions/A/Frameworks/vImage.framework/Versions/A/vImage
0x00007ff82767a000 	/System/Library/Frameworks/Accelerate.framework/Versions/A/Frameworks/vecLib.framework/Versions/A/vecLib
0x00007ff821b38000 	/System/Library/Frameworks/Accelerate.framework/Versions/A/Frameworks/vecLib.framework/Versions/A/libvMisc.dylib
0x00007ff8203ac000 	/System/Library/Frameworks/Accelerate.framework/Versions/A/Frameworks/vecLib.framework/Versions/A/libvDSP.dylib
0x00007ff816e04000 	/System/Library/Frameworks/Accelerate.framework/Versions/A/Frameworks/vecLib.framework/Versions/A/libBLAS.dylib
0x00007ff821681000 	/System/Library/Frameworks/Accelerate.framework/Versions/A/Frameworks/vecLib.framework/Versions/A/libLAPACK.dylib
0x00007ff8209c2000 	/System/Library/Frameworks/Accelerate.framework/Versions/A/Frameworks/vecLib.framework/Versions/A/libLinearAlgebra.dylib
0x00007ff821587000 	/System/Library/Frameworks/Accelerate.framework/Versions/A/Frameworks/vecLib.framework/Versions/A/libSparseBLAS.dylib
0x00007ff82167b000 	/System/Library/Frameworks/Accelerate.framework/Versions/A/Frameworks/vecLib.framework/Versions/A/libQuadrature.dylib
0x00007ff81fcd8000 	/System/Library/Frameworks/Accelerate.framework/Versions/A/Frameworks/vecLib.framework/Versions/A/libBNNS.dylib
0x00007ff81709e000 	/System/Library/Frameworks/Accelerate.framework/Versions/A/Frameworks/vecLib.framework/Versions/A/libSparse.dylib
0x00007ff81fcd1000 	/System/Library/PrivateFrameworks/LinguisticData.framework/Versions/A/LinguisticData
0x00007ff817054000 	/System/Library/PrivateFrameworks/Lexicon.framework/Versions/A/Lexicon
0x00007ff821b31000 	/usr/lib/libChineseTokenizer.dylib
0x00007ff8177b6000 	/System/Library/PrivateFrameworks/LanguageModeling.framework/Versions/A/LanguageModeling
0x00007ff82154c000 	/System/Library/PrivateFrameworks/AppleSauce.framework/Versions/A/AppleSauce
0x00007ff82056f000 	/System/Library/PrivateFrameworks/CoreEmoji.framework/Versions/A/CoreEmoji
0x00007ff82144c000 	/usr/lib/libcmph.dylib
0x00007ff81dc40000 	/System/Library/Frameworks/OpenDirectory.framework/Versions/A/Frameworks/CFOpenDirectory.framework/Versions/A/CFOpenDirectory
0x00007ff81dc34000 	/System/Library/Frameworks/OpenDirectory.framework/Versions/A/OpenDirectory
0x00007ff821a8a000 	/System/Library/PrivateFrameworks/APFS.framework/Versions/A/APFS
0x00007ff82088c000 	/System/Library/Frameworks/SecurityFoundation.framework/Versions/A/SecurityFoundation
0x00007ff821b05000 	/usr/lib/libutil.dylib
0x00007ff818e9e000 	/System/Library/PrivateFrameworks/CoreServicesStore.framework/Versions/A/CoreServicesStore
0x00007ff821b09000 	/usr/lib/libxslt.1.dylib
0x00007ff820919000 	/System/Library/PrivateFrameworks/BackgroundTaskManagement.framework/Versions/A/BackgroundTaskManagement
0x00007ff822f74000 	/System/Library/Frameworks/ImageIO.framework/Versions/A/Resources/libRadiance.dylib
0x00007ff822f7d000 	/System/Library/Frameworks/ImageIO.framework/Versions/A/Resources/libJPEG.dylib
0x00007ff822ece000 	/System/Library/Frameworks/ImageIO.framework/Versions/A/Resources/libPng.dylib
0x00007ff822eef000 	/System/Library/Frameworks/ImageIO.framework/Versions/A/Resources/libTIFF.dylib
0x00007ff822fdd000 	/System/Library/Frameworks/ImageIO.framework/Versions/A/Resources/libGIF.dylib
0x00007ff822809000 	/System/Library/Frameworks/ImageIO.framework/Versions/A/Resources/libJP2.dylib
0x00007ff821f47000 	/usr/lib/libexpat.1.dylib
0x00007ff8227be000 	/System/Library/PrivateFrameworks/AppleJPEG.framework/Versions/A/AppleJPEG
0x00007ff81f121000 	/System/Library/PrivateFrameworks/FontServices.framework/libFontParser.dylib
0x00007ff81cc3e000 	/System/Library/PrivateFrameworks/RunningBoardServices.framework/Versions/A/RunningBoardServices
0x00007ff82d92d000 	/System/Library/PrivateFrameworks/IOSurfaceAccelerator.framework/Versions/A/IOSurfaceAccelerator
0x00007ff8228eb000 	/System/Library/PrivateFrameworks/WatchdogClient.framework/Versions/A/WatchdogClient
0x00007ff8178a4000 	/System/Library/Frameworks/CoreDisplay.framework/Versions/A/CoreDisplay
0x00007ff81f01f000 	/System/Library/Frameworks/CoreMedia.framework/Versions/A/CoreMedia
0x00007ff81eeb6000 	/System/Library/PrivateFrameworks/IOAccelerator.framework/Versions/A/IOAccelerator
0x00007ff81ddbd000 	/System/Library/Frameworks/CoreVideo.framework/Versions/A/CoreVideo
0x00007ff82159d000 	/System/Library/Frameworks/MetalPerformanceShaders.framework/Versions/A/MetalPerformanceShaders
0x00007ff822928000 	/System/Library/Frameworks/VideoToolbox.framework/Versions/A/VideoToolbox
0x00007ff81cb88000 	/System/Library/PrivateFrameworks/BaseBoard.framework/Versions/A/BaseBoard
0x00007ff81c90f000 	/System/Library/PrivateFrameworks/ProtocolBuffer.framework/Versions/A/ProtocolBuffer
0x00007ff822f6d000 	/System/Library/PrivateFrameworks/GPUWrangler.framework/Versions/A/GPUWrangler
0x00007ff822f51000 	/System/Library/PrivateFrameworks/IOPresentment.framework/Versions/A/IOPresentment
0x00007ff822f77000 	/System/Library/PrivateFrameworks/DSExternalDisplay.framework/Versions/A/DSExternalDisplay
0x00007ffa2e5d2000 	/System/Library/Frameworks/OpenGL.framework/Versions/A/Libraries/libCoreFSCache.dylib
0x00007ffb1b28e000 	/System/Library/PrivateFrameworks/GPUCompiler.framework/Versions/31001/Libraries/libGPUCompilerUtils.dylib
0x00007ff822fe2000 	/System/Library/PrivateFrameworks/CMCaptureCore.framework/Versions/A/CMCaptureCore
0x00007ff8224ef000 	/System/Library/PrivateFrameworks/AppServerSupport.framework/Versions/A/AppServerSupport
0x00007ff8247ae000 	/System/Library/PrivateFrameworks/perfdata.framework/Versions/A/perfdata
0x00007ff8179d0000 	/System/Library/PrivateFrameworks/AudioToolboxCore.framework/Versions/A/AudioToolboxCore
0x00007ff81effd000 	/System/Library/PrivateFrameworks/caulk.framework/Versions/A/caulk
0x00007ff8240c0000 	/usr/lib/libAudioStatistics.dylib
0x00007ff91b868000 	/System/Library/PrivateFrameworks/SystemPolicy.framework/Versions/A/SystemPolicy
0x00007ff82431b000 	/usr/lib/libSMC.dylib
0x00007ff82d228000 	/System/Library/Frameworks/CoreMIDI.framework/Versions/A/CoreMIDI
0x00007ff822e9d000 	/usr/lib/libAudioToolboxUtility.dylib
0x00007ff917b0b000 	/System/Library/PrivateFrameworks/OSAServicesClient.framework/Versions/A/OSAServicesClient
0x00007ff8247bb000 	/usr/lib/libperfcheck.dylib
0x00007ff91c312000 	/usr/lib/libmis.dylib
0x00007ffa2e62d000 	/System/Library/Frameworks/OpenGL.framework/Versions/A/Libraries/libGLU.dylib
0x00007ffa2e5f1000 	/System/Library/Frameworks/OpenGL.framework/Versions/A/Libraries/libGFXShared.dylib
0x00007ffa2e7fa000 	/System/Library/Frameworks/OpenGL.framework/Versions/A/Libraries/libGL.dylib
0x00007ffa2e5fa000 	/System/Library/Frameworks/OpenGL.framework/Versions/A/Libraries/libGLImage.dylib
0x00007ffa2e5ee000 	/System/Library/Frameworks/OpenGL.framework/Versions/A/Libraries/libCVMSPluginSupport.dylib
0x00007ffa2e5d9000 	/System/Library/Frameworks/OpenGL.framework/Versions/A/Libraries/libCoreVMClient.dylib
0x00007ff81fb69000 	/System/Library/Frameworks/MetalPerformanceShaders.framework/Versions/A/Frameworks/MPSCore.framework/Versions/A/MPSCore
0x00007ff820f35000 	/System/Library/Frameworks/MetalPerformanceShaders.framework/Versions/A/Frameworks/MPSImage.framework/Versions/A/MPSImage
0x00007ff8209d8000 	/System/Library/Frameworks/MetalPerformanceShaders.framework/Versions/A/Frameworks/MPSNeuralNetwork.framework/Versions/A/MPSNeuralNetwork
0x00007ff820e4c000 	/System/Library/Frameworks/MetalPerformanceShaders.framework/Versions/A/Frameworks/MPSMatrix.framework/Versions/A/MPSMatrix
0x00007ff820c07000 	/System/Library/Frameworks/MetalPerformanceShaders.framework/Versions/A/Frameworks/MPSRayIntersector.framework/Versions/A/MPSRayIntersector
0x00007ff820e84000 	/System/Library/Frameworks/MetalPerformanceShaders.framework/Versions/A/Frameworks/MPSNDArray.framework/Versions/A/MPSNDArray
0x00007ffa3355a000 	/System/Library/Frameworks/MetalPerformanceShaders.framework/Versions/A/Frameworks/MPSFunctions.framework/Versions/A/MPSFunctions
0x00007ff816ce1000 	/System/Library/PrivateFrameworks/MetalTools.framework/Versions/A/MetalTools
0x00007ff81fbe5000 	/System/Library/PrivateFrameworks/AggregateDictionary.framework/Versions/A/AggregateDictionary
0x00007ff821d29000 	/usr/lib/libIOReport.dylib
0x00007ffa2fc09000 	/System/Library/Frameworks/OpenCL.framework/Versions/A/OpenCL
0x00007ff82208d000 	/System/Library/PrivateFrameworks/FaceCore.framework/Versions/A/FaceCore
0x00007ff82207e000 	/System/Library/PrivateFrameworks/GraphVisualizer.framework/Versions/A/GraphVisualizer
0x00007ffb1b199000 	/System/Library/PrivateFrameworks/FontServices.framework/Versions/A/FontServices
0x00007ff8224a7000 	/System/Library/PrivateFrameworks/OTSVG.framework/Versions/A/OTSVG
0x00007ff81d9a4000 	/System/Library/Frameworks/ApplicationServices.framework/Versions/A/Frameworks/ATS.framework/Versions/A/Resources/libFontRegistry.dylib
0x00007ff8224f7000 	/System/Library/PrivateFrameworks/FontServices.framework/libhvf.dylib
0x00007ffb1b19a000 	/System/Library/PrivateFrameworks/FontServices.framework/libXTFontStaticRegistryData.dylib
0x00007ff821ef7000 	/System/Library/PrivateFrameworks/AppleVA.framework/Versions/A/AppleVA
0x00007ff8240e0000 	/System/Library/Frameworks/ApplicationServices.framework/Versions/A/Frameworks/ATS.framework/Versions/A/ATS
0x00007ff81c056000 	/System/Library/Frameworks/ApplicationServices.framework/Versions/A/Frameworks/HIServices.framework/Versions/A/HIServices
0x00007ff822fec000 	/System/Library/Frameworks/ApplicationServices.framework/Versions/A/Frameworks/PrintCore.framework/Versions/A/PrintCore
0x00007ff82446e000 	/System/Library/Frameworks/ApplicationServices.framework/Versions/A/Frameworks/QD.framework/Versions/A/QD
0x00007ff824466000 	/System/Library/Frameworks/ApplicationServices.framework/Versions/A/Frameworks/ColorSyncLegacy.framework/Versions/A/ColorSyncLegacy
0x00007ff8240d0000 	/System/Library/Frameworks/ApplicationServices.framework/Versions/A/Frameworks/SpeechSynthesis.framework/Versions/A/SpeechSynthesis
0x00007ff822fad000 	/System/Library/Frameworks/ApplicationServices.framework/Versions/A/Frameworks/ATSUI.framework/Versions/A/ATSUI
0x00007ff8243fb000 	/usr/lib/libcups.2.dylib
0x00007ff8247ca000 	/System/Library/Frameworks/Kerberos.framework/Versions/A/Kerberos
0x00007ff8247d9000 	/System/Library/Frameworks/GSS.framework/Versions/A/GSS
0x00007ff82414c000 	/usr/lib/libresolv.9.dylib
0x00007ff822506000 	/System/Library/PrivateFrameworks/Heimdal.framework/Versions/A/Heimdal
0x00007ff82b3a6000 	/System/Library/Frameworks/Kerberos.framework/Versions/A/Libraries/libHeimdalProxy.dylib
0x00007ff81cd11000 	/System/Library/Frameworks/Network.framework/Versions/A/Network
0x00007ff821f61000 	/usr/lib/libheimdal-asn1.dylib
0x00007ff824824000 	/System/Library/PrivateFrameworks/CommonAuth.framework/Versions/A/CommonAuth
0x00007ff824052000 	/System/Library/PrivateFrameworks/AudioSession.framework/Versions/A/AudioSession
0x00007ff821ff1000 	/System/Library/PrivateFrameworks/MediaExperience.framework/Versions/A/MediaExperience
0x00007ff823ee5000 	/System/Library/PrivateFrameworks/AudioSession.framework/libSessionUtility.dylib
0x00007ff82447a000 	/System/Library/PrivateFrameworks/AudioResourceArbitration.framework/Versions/A/AudioResourceArbitration
0x00007ff8284ed000 	/System/Library/PrivateFrameworks/PowerLog.framework/Versions/A/PowerLog
0x00007ff821f6a000 	/System/Library/PrivateFrameworks/IconFoundation.framework/Versions/A/IconFoundation
0x00007ff8272a3000 	/System/Library/PrivateFrameworks/SpeechRecognitionCore.framework/Versions/A/SpeechRecognitionCore
0x000000010e0b2000 	/Users/macbook/Library/Java/JavaVirtualMachines/corretto-1.8.0_332/Contents/Home/jre/lib/server/libjvm.dylib
0x000000010d2f1000 	/Users/macbook/Library/Java/JavaVirtualMachines/corretto-1.8.0_332/Contents/Home/jre/lib/libverify.dylib
0x000000010d34f000 	/Users/macbook/Library/Java/JavaVirtualMachines/corretto-1.8.0_332/Contents/Home/jre/lib/libjava.dylib
0x000000010d39b000 	/Users/macbook/Library/Java/JavaVirtualMachines/corretto-1.8.0_332/Contents/Home/jre/lib/libinstrument.dylib
0x000000010d3dc000 	/Users/macbook/Library/Java/JavaVirtualMachines/corretto-1.8.0_332/Contents/Home/jre/lib/libzip.dylib
0x0000000115857000 	/Users/macbook/Library/Java/JavaVirtualMachines/corretto-1.8.0_332/Contents/Home/jre/lib/libnio.dylib
0x0000000115877000 	/Users/macbook/Library/Java/JavaVirtualMachines/corretto-1.8.0_332/Contents/Home/jre/lib/libnet.dylib
0x000000011589f000 	/Users/macbook/Library/Java/JavaVirtualMachines/corretto-1.8.0_332/Contents/Home/jre/lib/libprism_es2.dylib
0x00007ff818e60000 	/System/Library/PrivateFrameworks/CoreServicesInternal.framework/Versions/A/CoreServicesInternal
0x00007ffa2e805000 	/System/Library/Frameworks/OpenGL.framework/Versions/A/Resources/GLEngine.bundle/GLEngine
0x00007ffa2e66b000 	/System/Library/Frameworks/OpenGL.framework/Versions/A/Libraries/libGLProgrammability.dylib
0x00007ffa260dd000 	/System/Library/Extensions/AppleIntelSKLGraphicsGLDriver.bundle/Contents/MacOS/AppleIntelSKLGraphicsGLDriver
0x00007ff92644c000 	/System/Library/PrivateFrameworks/GPUSupport.framework/Versions/A/Libraries/libGPUSupportMercury.dylib
0x00007ffa2e98f000 	/System/Library/Frameworks/OpenGL.framework/Versions/A/Resources/GLRendererFloat.bundle/GLRendererFloat
0x0000000116544000 	/Users/macbook/Library/Java/JavaVirtualMachines/corretto-1.8.0_332/Contents/Home/jre/lib/libglass.dylib
0x00007ff828ade000 	/System/Library/Frameworks/FileProvider.framework/Versions/A/FileProvider
0x00007ff81caf5000 	/System/Library/Frameworks/Accounts.framework/Versions/A/Accounts
0x00007ff828c57000 	/System/Library/PrivateFrameworks/GenerationalStorage.framework/Versions/A/GenerationalStorage
0x00007ff82976a000 	/System/Library/PrivateFrameworks/CoreSymbolication.framework/Versions/A/CoreSymbolication
0x00007ff8284e2000 	/System/Library/PrivateFrameworks/SymptomDiagnosticReporter.framework/Versions/A/SymptomDiagnosticReporter
0x00007ff81a11e000 	/System/Library/PrivateFrameworks/DesktopServicesPriv.framework/Versions/A/DesktopServicesPriv
0x00007ff818f9f000 	/usr/lib/libsandbox.1.dylib
0x00007ff81de3c000 	/System/Library/PrivateFrameworks/UserManagement.framework/Versions/A/UserManagement
0x00007ff82972f000 	/System/Library/PrivateFrameworks/DebugSymbols.framework/Versions/A/DebugSymbols
0x00007ff82445b000 	/System/Library/PrivateFrameworks/NetAuth.framework/Versions/A/NetAuth
0x00007ff825368000 	/System/Library/PrivateFrameworks/Sharing.framework/Versions/A/Sharing
0x00007ff81de0f000 	/System/Library/PrivateFrameworks/login.framework/Versions/A/Frameworks/loginsupport.framework/Versions/A/loginsupport
0x00007ff82a8cd000 	/System/Library/PrivateFrameworks/Apple80211.framework/Versions/A/Apple80211
0x00007ff82101a000 	/System/Library/PrivateFrameworks/AuthKit.framework/Versions/A/AuthKit
0x00007ff820665000 	/System/Library/PrivateFrameworks/CoreUtils.framework/Versions/A/CoreUtils
0x00007ff82058c000 	/System/Library/Frameworks/CoreWLAN.framework/Versions/A/CoreWLAN
0x00007ff8254c7000 	/System/Library/Frameworks/IOBluetooth.framework/Versions/A/IOBluetooth
0x00007ff82a935000 	/System/Library/PrivateFrameworks/CoreWiFi.framework/Versions/A/CoreWiFi
0x00007ff829301000 	/System/Library/PrivateFrameworks/FrontBoardServices.framework/Versions/A/FrontBoardServices
0x00007ff829392000 	/System/Library/PrivateFrameworks/BoardServices.framework/Versions/A/BoardServices
0x00007ff82087b000 	/System/Library/PrivateFrameworks/AssertionServices.framework/Versions/A/AssertionServices
0x00007ff82aab8000 	/System/Library/PrivateFrameworks/BackBoardServices.framework/Versions/A/BackBoardServices
0x00007ff8248b5000 	/System/Library/PrivateFrameworks/CorePhoneNumbers.framework/Versions/A/CorePhoneNumbers
0x00007ff8285ff000 	/System/Library/PrivateFrameworks/DiskManagement.framework/Versions/A/DiskManagement
0x00007ff828513000 	/System/Library/PrivateFrameworks/AppleIDAuthSupport.framework/Versions/A/AppleIDAuthSupport
0x00007ffa35b1b000 	/System/Library/PrivateFrameworks/AAAFoundation.framework/Versions/A/AAAFoundation
0x00007ff824896000 	/System/Library/PrivateFrameworks/KeychainCircle.framework/Versions/A/KeychainCircle
0x00007ff8285cb000 	/System/Library/PrivateFrameworks/MediaKit.framework/Versions/A/MediaKit
0x00007ff82851f000 	/System/Library/Frameworks/DiscRecording.framework/Versions/A/DiscRecording
0x00007ff821e6f000 	/usr/lib/libCoreStorage.dylib
0x00007ff82ada6000 	/usr/lib/libcsfde.dylib
0x00007ff825594000 	/System/Library/PrivateFrameworks/ProtectedCloudStorage.framework/Versions/A/ProtectedCloudStorage
0x00007ff82ada2000 	/System/Library/PrivateFrameworks/EFILogin.framework/Versions/A/EFILogin
0x00007ff828c7d000 	/System/Library/PrivateFrameworks/OctagonTrust.framework/Versions/A/OctagonTrust
0x00007ffb1a408000 	/System/Library/PrivateFrameworks/CoreUtilsExtras.framework/Versions/A/CoreUtilsExtras
0x00007ff828446000 	/System/Library/Frameworks/CoreBluetooth.framework/Versions/A/CoreBluetooth
0x00007ff82b42b000 	/System/Library/Frameworks/AudioUnit.framework/Versions/A/AudioUnit
0x00007ff821e67000 	/usr/lib/libMatch.1.dylib
0x00007ff9208eb000 	/System/Library/Frameworks/Accelerate.framework/Versions/A/Frameworks/vImage.framework/Versions/A/Libraries/libCGInterfaces.dylib
0x0000000117a1a000 	/usr/lib/libobjc-trampolines.dylib
0x00007ff81db34000 	/System/Library/PrivateFrameworks/ViewBridge.framework/Versions/A/ViewBridge
0x000000011a0f5000 	/Users/macbook/Library/Java/JavaVirtualMachines/corretto-1.8.0_332/Contents/Home/jre/lib/libjavafx_font.dylib
0x00007ff8225bd000 	/System/Library/PrivateFrameworks/login.framework/Versions/A/login
0x000000011cb9c000 	/Users/macbook/Library/Java/JavaVirtualMachines/corretto-1.8.0_332/Contents/Home/jre/lib/libprism_common.dylib
0x00007ffb2dbf4000 	/usr/lib/libRosetta.dylib
0x00007ff8279bf000 	/System/Library/PrivateFrameworks/SystemAdministration.framework/Versions/A/SystemAdministration
0x00007ff823216000 	/System/Library/Frameworks/MediaToolbox.framework/Versions/A/MediaToolbox
0x00007ff82726f000 	/System/Library/Frameworks/DirectoryService.framework/Versions/A/DirectoryService
0x00007ff82ac44000 	/System/Library/PrivateFrameworks/DiskImages.framework/Versions/A/DiskImages
0x00007ff820923000 	/System/Library/Frameworks/ServiceManagement.framework/Versions/A/ServiceManagement
0x00007ff82ae20000 	/System/Library/PrivateFrameworks/LoginUIKit.framework/Versions/A/Frameworks/LoginUICore.framework/Versions/A/LoginUICore
0x00007ff822766000 	/usr/lib/libodfde.dylib
0x00007ff828aae000 	/System/Library/PrivateFrameworks/CoreAVCHD.framework/Versions/A/CoreAVCHD
0x00007ff827983000 	/System/Library/Frameworks/MediaAccessibility.framework/Versions/A/MediaAccessibility
0x00007ff828aaa000 	/System/Library/PrivateFrameworks/Mangrove.framework/Versions/A/Mangrove
0x00007ff82798e000 	/System/Library/PrivateFrameworks/AlgosScoreFramework.framework/Versions/A/AlgosScoreFramework
0x00007ffb17702000 	/System/Library/PrivateFrameworks/CMPhoto.framework/Versions/A/CMPhoto
0x00007ff829605000 	/System/Library/PrivateFrameworks/AppleVPA.framework/Versions/A/AppleVPA
0x00007ff8286ef000 	/System/Library/PrivateFrameworks/CoreAUC.framework/Versions/A/CoreAUC
0x00007ff82adb2000 	/usr/lib/libcurl.4.dylib
0x00007ffb2e060000 	/usr/lib/libcrypto.46.dylib
0x00007ffb2e551000 	/usr/lib/libssl.48.dylib
0x00007ff82aad6000 	/System/Library/Frameworks/LDAP.framework/Versions/A/LDAP
0x00007ff82ab0e000 	/System/Library/PrivateFrameworks/TrustEvaluationAgent.framework/Versions/A/TrustEvaluationAgent
0x00007ff824165000 	/usr/lib/libsasl2.2.dylib
0x00007ff8279b3000 	/System/Library/PrivateFrameworks/CoreDaemon.framework/Versions/B/CoreDaemon
0x00007ff8279ae000 	/System/Library/PrivateFrameworks/AppleSRP.framework/Versions/A/AppleSRP

VM Arguments:
jvm_args: -javaagent:/Applications/IntelliJ IDEA CE.app/Contents/lib/idea_rt.jar=50019:/Applications/IntelliJ IDEA CE.app/Contents/bin -Dfile.encoding=UTF-8 
java_command: Client.Main
java_class_path (initial): /Users/macbook/Library/Java/JavaVirtualMachines/corretto-1.8.0_332/Contents/Home/jre/lib/charsets.jar:/Users/macbook/Library/Java/JavaVirtualMachines/corretto-1.8.0_332/Contents/Home/jre/lib/ext/cldrdata.jar:/Users/macbook/Library/Java/JavaVirtualMachines/corretto-1.8.0_332/Contents/Home/jre/lib/ext/dnsns.jar:/Users/macbook/Library/Java/JavaVirtualMachines/corretto-1.8.0_332/Contents/Home/jre/lib/ext/jaccess.jar:/Users/macbook/Library/Java/JavaVirtualMachines/corretto-1.8.0_332/Contents/Home/jre/lib/ext/jfxrt.jar:/Users/macbook/Library/Java/JavaVirtualMachines/corretto-1.8.0_332/Contents/Home/jre/lib/ext/localedata.jar:/Users/macbook/Library/Java/JavaVirtualMachines/corretto-1.8.0_332/Contents/Home/jre/lib/ext/nashorn.jar:/Users/macbook/Library/Java/JavaVirtualMachines/corretto-1.8.0_332/Contents/Home/jre/lib/ext/sunec.jar:/Users/macbook/Library/Java/JavaVirtualMachines/corretto-1.8.0_332/Contents/Home/jre/lib/ext/sunjce_provider.jar:/Users/macbook/Library/Java/JavaVirtualMachines/corretto-1.8.0_332/Contents/Home/jre/lib/ext/sunpkcs11.jar:/Users/macbook/Library/Java/JavaVirtualMachines/corretto-1.8.0_332/Contents/Home/jre/lib/ext/zipfs.jar:/Users/macbook/Library/Java/JavaVirtualMachines/corretto-1.8.0_332/Contents/Home/jre/lib/jce.jar:/Users/macbook/Library/Java/JavaVirtualMachines/corretto-1.8.0_332/Contents/Home/jre/lib/jfr.jar:/Users/macbook/Library/Java/JavaVirtualMachines/corretto-1.8.0_332/Contents/Home/jre/lib/jfxswt.jar:/Users/macbook/Library/Java/JavaVirtualMachines/corretto-1.8.0_332/Contents/Home/jre/lib/jsse.jar:/Users/macbook/Library/Java/JavaVirtualMachines/corretto-1.8.0_332/Contents/Home/jre/lib/management-agent.jar:/Users/macbook/Library/Java/JavaVirtualMachines/corretto-1.8.0_332/Contents/Home/jre/lib/resources.jar:/Users/macbook/Library/Java/JavaVirtualMachines/corretto-1.8.0_332/Contents/Home/jre/lib/rt.jar:/Users/macbook/Documents/University_Projects-master/out/production/Messenger:/Applications/IntelliJ IDEA CE.app/
Launcher Type: SUN_STANDARD

Environment Variables:
PATH=/Users/macbook/opt/miniconda3/bin:/opt/local/bin:/opt/local/sbin:/Library/Frameworks/Python.framework/Versions/3.9/bin:/usr/local/bin:/usr/bin:/bin:/usr/sbin:/sbin:/usr/local/share/dotnet:~/.dotnet/tools:/Library/Apple/usr/bin:/Library/Frameworks/Mono.framework/Versions/Current/Commands
SHELL=/bin/zsh

Signal Handlers:
SIGSEGV: [libjvm.dylib+0x5771a7], sa_mask[0]=11111111011111110111111111111111, sa_flags=SA_ONSTACK|SA_RESTART|SA_SIGINFO
SIGBUS: [libjvm.dylib+0x5771a7], sa_mask[0]=11111111011111110111111111111111, sa_flags=SA_RESTART|SA_SIGINFO
SIGFPE: [libjvm.dylib+0x470a87], sa_mask[0]=11111111011111110111111111111111, sa_flags=SA_RESTART|SA_SIGINFO
SIGPIPE: [libjvm.dylib+0x470a87], sa_mask[0]=11111111011111110111111111111111, sa_flags=SA_RESTART|SA_SIGINFO
SIGXFSZ: [libjvm.dylib+0x470a87], sa_mask[0]=11111111011111110111111111111111, sa_flags=SA_RESTART|SA_SIGINFO
SIGILL: [libjvm.dylib+0x470a87], sa_mask[0]=11111111011111110111111111111111, sa_flags=SA_RESTART|SA_SIGINFO
SIGUSR1: SIG_DFL, sa_mask[0]=00000000000000000000000000000000, sa_flags=none
SIGUSR2: [libjvm.dylib+0x471366], sa_mask[0]=00100000000000000000000000000000, sa_flags=SA_RESTART|SA_SIGINFO
SIGHUP: [libjvm.dylib+0x46f52f], sa_mask[0]=11111111011111110111111111111111, sa_flags=SA_RESTART|SA_SIGINFO
SIGINT: [libjvm.dylib+0x46f52f], sa_mask[0]=11111111011111110111111111111111, sa_flags=SA_RESTART|SA_SIGINFO
SIGTERM: [libjvm.dylib+0x46f52f], sa_mask[0]=11111111011111110111111111111111, sa_flags=SA_RESTART|SA_SIGINFO
SIGQUIT: [libjvm.dylib+0x46f52f], sa_mask[0]=11111111011111110111111111111111, sa_flags=SA_RESTART|SA_SIGINFO


---------------  S Y S T E M  ---------------

OS:Bsduname:Darwin 21.4.0 Darwin Kernel Version 21.4.0: Mon Feb 21 20:34:37 PST 2022; root:xnu-8020.101.4~2/RELEASE_X86_64 x86_64
rlimit: STACK 8192k, CORE 0k, NPROC 1392, NOFILE 10240, AS infinity
load average:3.68 5.87 7.04

CPU:total 4 (initial active 4) (2 cores per cpu, 2 threads per core) family 6 model 78 stepping 3, cmov, cx8, fxsr, mmx, sse, sse2, sse3, ssse3, sse4.1, sse4.2, popcnt, avx, avx2, aes, clmul, erms, rtm, 3dnowpref, lzcnt, ht, tsc, tscinvbit, bmi1, bmi2, adx

Memory: 4k page, physical 8388608k(34100k free)

/proc/meminfo:


vm_info: OpenJDK 64-Bit Server VM (25.332-b08) for bsd-amd64 JRE (1.8.0_332-b08), built on Apr 16 2022 08:21:29 by "ec2-user" with gcc Apple LLVM 13.0.0 (clang-1300.0.29.30)

time: Sun May 29 03:49:53 2022
timezone: EEST
elapsed time: 385.682630 seconds (0d 0h 6m 25s)

